c:\users\adha\source\repos\main\main\debug\vc141.pdb
c:\users\adha\source\repos\main\main\debug\vc141.idb
c:\users\adha\source\repos\main\main\debug\camera.obj
c:\users\adha\source\repos\main\main\debug\light.obj
c:\users\adha\source\repos\main\main\debug\main.obj
c:\users\adha\source\repos\main\main\debug\polygon.obj
c:\users\adha\source\repos\main\main\debug\scene2d.obj
c:\users\adha\source\repos\main\main\debug\scene3d.obj
c:\users\adha\source\repos\main\main\debug\scenemodel.obj
c:\users\adha\source\repos\main\main\debug\transform.obj
c:\users\adha\source\repos\main\main\debug\skydome.obj
c:\users\adha\source\repos\main\main\debug\renderer.obj
c:\users\adha\source\repos\main\debug\main.exe
c:\users\adha\source\repos\main\debug\main.ilk
c:\users\adha\source\repos\main\debug\main.pdb
c:\users\adha\source\repos\main\main\debug\main.tlog\cl.command.1.tlog
c:\users\adha\source\repos\main\main\debug\main.tlog\cl.read.1.tlog
c:\users\adha\source\repos\main\main\debug\main.tlog\cl.write.1.tlog
c:\users\adha\source\repos\main\main\debug\main.tlog\link-cvtres.read.1.tlog
c:\users\adha\source\repos\main\main\debug\main.tlog\link-cvtres.write.1.tlog
c:\users\adha\source\repos\main\main\debug\main.tlog\link-rc.read.1.tlog
c:\users\adha\source\repos\main\main\debug\main.tlog\link-rc.write.1.tlog
c:\users\adha\source\repos\main\main\debug\main.tlog\link.12408-cvtres.read.1.tlog
c:\users\adha\source\repos\main\main\debug\main.tlog\link.12408-cvtres.write.1.tlog
c:\users\adha\source\repos\main\main\debug\main.tlog\link.12408-rc.read.1.tlog
c:\users\adha\source\repos\main\main\debug\main.tlog\link.12408-rc.write.1.tlog
c:\users\adha\source\repos\main\main\debug\main.tlog\link.12408.read.1.tlog
c:\users\adha\source\repos\main\main\debug\main.tlog\link.12408.write.1.tlog
c:\users\adha\source\repos\main\main\debug\main.tlog\link.command.1.tlog
c:\users\adha\source\repos\main\main\debug\main.tlog\link.read.1.tlog
c:\users\adha\source\repos\main\main\debug\main.tlog\link.write.1.tlog
