c:\users\adha\source\repos\main\main\x64\debug\vc141.pdb
c:\users\adha\source\repos\main\main\x64\debug\vc141.idb
c:\users\adha\source\repos\main\main\x64\debug\scene2d.obj
c:\users\adha\source\repos\main\main\x64\debug\camera.obj
c:\users\adha\source\repos\main\main\x64\debug\main.obj
c:\users\adha\source\repos\main\main\x64\debug\scene3d.obj
c:\users\adha\source\repos\main\main\x64\debug\scenemodel.obj
c:\users\adha\source\repos\main\main\x64\debug\transform.obj
c:\users\adha\source\repos\main\main\x64\debug\polygon.obj
c:\users\adha\source\repos\main\x64\debug\main.pdb
c:\users\adha\source\repos\main\main\x64\debug\main.tlog\cl.command.1.tlog
c:\users\adha\source\repos\main\main\x64\debug\main.tlog\cl.read.1.tlog
c:\users\adha\source\repos\main\main\x64\debug\main.tlog\cl.write.1.tlog
c:\users\adha\source\repos\main\main\x64\debug\main.tlog\link-cvtres.read.1.tlog
c:\users\adha\source\repos\main\main\x64\debug\main.tlog\link-cvtres.write.1.tlog
c:\users\adha\source\repos\main\main\x64\debug\main.tlog\link-rc.read.1.tlog
c:\users\adha\source\repos\main\main\x64\debug\main.tlog\link-rc.write.1.tlog
c:\users\adha\source\repos\main\main\x64\debug\main.tlog\link.command.1.tlog
c:\users\adha\source\repos\main\main\x64\debug\main.tlog\link.read.1.tlog
c:\users\adha\source\repos\main\main\x64\debug\main.tlog\link.write.1.tlog
